<?xml version="1.0" encoding="UTF-8"?>
<!-- Generated by org.testng.reporters.JUnitReportReporter -->
<testsuite ignored="0" hostname="AryaPeng" failures="0" tests="3" name="tests.LoginTest" time="3.863" errors="0" timestamp="01 Jun 2023 19:15:44 GMT" skipped="0">
  <testcase classname="tests.LoginTest" name="TC01_loginReq" time="3.308"/>
  <testcase classname="tests.LoginTest" name="TC2_GetData" time="0.192"/>
  <testcase classname="tests.LoginTest" name="TC03_addData" time="0.363"/>
</testsuite> <!-- tests.LoginTest -->
