<?xml version="1.0" encoding="UTF-8"?>
<!-- Generated by org.testng.reporters.JUnitReportReporter -->
<testsuite ignored="0" hostname="AryaPeng" failures="0" tests="3" name="tekarch.tests.LoginTest" time="7.572" errors="0" timestamp="01 Jun 2023 19:12:58 GMT" skipped="0">
  <testcase classname="tekarch.tests.LoginTest" name="TC01_loginReq" time="4.793"/>
  <testcase classname="tekarch.tests.LoginTest" name="TC2_GetData" time="0.224"/>
  <testcase classname="tekarch.tests.LoginTest" name="TC03_addData" time="2.555"/>
</testsuite> <!-- tekarch.tests.LoginTest -->
