<?xml version="1.0" encoding="UTF-8"?>
<!-- Generated by org.testng.reporters.JUnitReportReporter -->
<testsuite ignored="0" hostname="AryaPeng" failures="0" tests="2" name="tests.EnvCurrentFlow" time="2.231" errors="0" timestamp="01 Jun 2023 23:35:13 GMT" skipped="0">
  <testcase classname="tests.EnvCurrentFlow" name="dataDetails" time="0.443"/>
  <testcase classname="tests.EnvCurrentFlow" name="climateData" time="1.788"/>
</testsuite> <!-- tests.EnvCurrentFlow -->
