<?xml version="1.0" encoding="UTF-8"?>
<!-- Generated by org.testng.reporters.JUnitReportReporter -->
<testsuite ignored="0" hostname="AryaPeng" failures="0" tests="5" name="tests.RapidStock" time="3.884" errors="0" timestamp="02 Jun 2023 00:36:45 GMT" skipped="0">
  <testcase classname="tests.RapidStock" name="DIGITAL_CURRENCY_WEEKLY" time="0.663"/>
  <testcase classname="tests.RapidStock" name="stockTime_InterDay" time="0.613"/>
  <testcase classname="tests.RapidStock" name="bitCoin_ExchgRate" time="0.455"/>
  <testcase classname="tests.RapidStock" name="forex_Daily" time="0.510"/>
  <testcase classname="tests.RapidStock" name="DIGITAL_CURRENCY_MONTHLY" time="1.643"/>
</testsuite> <!-- tests.RapidStock -->
