<?xml version="1.0" encoding="UTF-8"?>
<!-- Generated by org.testng.reporters.JUnitReportReporter -->
<testsuite ignored="0" hostname="AryaPeng" failures="0" tests="5" name="tests.RapidStock" time="4.276" errors="0" timestamp="01 Jun 2023 23:33:41 GMT" skipped="0">
  <testcase classname="tests.RapidStock" name="DIGITAL_CURRENCY_WEEKLY" time="0.691"/>
  <testcase classname="tests.RapidStock" name="stockTime_InterDay" time="0.544"/>
  <testcase classname="tests.RapidStock" name="bitCoin_ExchgRate" time="0.417"/>
  <testcase classname="tests.RapidStock" name="forex_Daily" time="0.472"/>
  <testcase classname="tests.RapidStock" name="DIGITAL_CURRENCY_MONTHLY" time="2.152"/>
</testsuite> <!-- tests.RapidStock -->
